

*******************************************************************************
Tue Mar 17 14:57:43 2020


FIT:    data read from '8_vel' u 1:2
        format = x:z
        x range restricted to [0.00000 : 0.0100000]
        #datapoints = 100
        residuals are weighted equally (unit weight)

function used for fitting: f1(x)
	f1(x) = a1*x + b1
fitted parameters initialized with current variable values

iter      chisq       delta/lim  lambda   a1            b1           
   0 1.0427933617e+02   0.00e+00  7.07e-01    1.000000e+00   1.000000e+00
   5 5.0143201070e-03  -1.18e-03  7.07e-06   -8.168035e+00   2.549358e-02

After 5 iterations the fit converged.
final sum of squares of residuals : 0.00501432
rel. change during last iteration : -1.17774e-08

degrees of freedom    (FIT_NDF)                        : 98
rms of residuals      (FIT_STDFIT) = sqrt(WSSR/ndf)    : 0.00715308
variance of residuals (reduced chisquare) = WSSR/ndf   : 5.11665e-05

Final set of parameters            Asymptotic Standard Error
=======================            ==========================
a1              = -8.16803         +/- 0.2478       (3.034%)
b1              = 0.0254936        +/- 0.001441     (5.654%)

correlation matrix of the fit parameters:
                a1     b1     
a1              1.000 
b1             -0.868  1.000 


*******************************************************************************
Tue Mar 17 14:59:18 2020


FIT:    data read from '16_vel' u 1:2
        format = x:z
        x range restricted to [0.00000 : 0.0100000]
        #datapoints = 100
        residuals are weighted equally (unit weight)

function used for fitting: f2(x)
	f2(x) = a2*x + b2
fitted parameters initialized with current variable values

iter      chisq       delta/lim  lambda   a2            b2           
   0 1.0592219934e+02   0.00e+00  7.07e-01    1.000000e+00   1.000000e+00
   5 1.1089894279e-03  -5.66e-03  7.07e-06   -8.451989e+00   1.891455e-02

After 5 iterations the fit converged.
final sum of squares of residuals : 0.00110899
rel. change during last iteration : -5.66028e-08

degrees of freedom    (FIT_NDF)                        : 98
rms of residuals      (FIT_STDFIT) = sqrt(WSSR/ndf)    : 0.00336396
variance of residuals (reduced chisquare) = WSSR/ndf   : 1.13162e-05

Final set of parameters            Asymptotic Standard Error
=======================            ==========================
a2              = -8.45199         +/- 0.1165       (1.379%)
b2              = 0.0189145        +/- 0.0006779    (3.584%)

correlation matrix of the fit parameters:
                a2     b2     
a2              1.000 
b2             -0.868  1.000 


*******************************************************************************
Tue Mar 17 14:59:53 2020


FIT:    data read from '32_vel' u 1:2
        format = x:z
        x range restricted to [0.00000 : 0.0100000]
        #datapoints = 100
        residuals are weighted equally (unit weight)

function used for fitting: f3(x)
	f3(x) = a3*x + b3
fitted parameters initialized with current variable values

iter      chisq       delta/lim  lambda   a3            b3           
   0 1.0483642250e+02   0.00e+00  7.07e-01    1.000000e+00   1.000000e+00
   5 1.9027978278e-05  -1.78e-01  7.07e-06   -5.948827e+00   1.139158e-02

After 5 iterations the fit converged.
final sum of squares of residuals : 1.9028e-05
rel. change during last iteration : -1.7823e-06

degrees of freedom    (FIT_NDF)                        : 98
rms of residuals      (FIT_STDFIT) = sqrt(WSSR/ndf)    : 0.000440639
variance of residuals (reduced chisquare) = WSSR/ndf   : 1.94163e-07

Final set of parameters            Asymptotic Standard Error
=======================            ==========================
a3              = -5.94883         +/- 0.01526      (0.2566%)
b3              = 0.0113916        +/- 8.879e-05    (0.7795%)

correlation matrix of the fit parameters:
                a3     b3     
a3              1.000 
b3             -0.868  1.000 


*******************************************************************************
Tue Mar 17 15:00:39 2020


FIT:    data read from '64_vel' u 1:2
        format = x:z
        x range restricted to [0.00000 : 0.0100000]
        #datapoints = 100
        residuals are weighted equally (unit weight)

function used for fitting: f4(x)
	f4(x) = a4*x + b4
fitted parameters initialized with current variable values

iter      chisq       delta/lim  lambda   a4            b4           
   0 1.0478163254e+02   0.00e+00  7.07e-01    1.000000e+00   1.000000e+00
   5 4.0841900510e-05  -7.05e-02  7.07e-06   -5.401428e+00   8.865212e-03

After 5 iterations the fit converged.
final sum of squares of residuals : 4.08419e-05
rel. change during last iteration : -7.046e-07

degrees of freedom    (FIT_NDF)                        : 98
rms of residuals      (FIT_STDFIT) = sqrt(WSSR/ndf)    : 0.000645565
variance of residuals (reduced chisquare) = WSSR/ndf   : 4.16754e-07

Final set of parameters            Asymptotic Standard Error
=======================            ==========================
a4              = -5.40143         +/- 0.02236      (0.414%)
b4              = 0.00886521       +/- 0.0001301    (1.467%)

correlation matrix of the fit parameters:
                a4     b4     
a4              1.000 
b4             -0.868  1.000 


*******************************************************************************
Tue Mar 17 15:19:59 2020


FIT:    data read from '8_vel' u 1:2
        format = x:z
        x range restricted to [* : 0.0100000]
        #datapoints = 100
        residuals are weighted equally (unit weight)

function used for fitting: f1(x)
	f1(x) = a1*x + b1
fitted parameters initialized with current variable values

iter      chisq       delta/lim  lambda   a1            b1           
   0 5.0143201070e-03   0.00e+00  3.81e-02   -8.168035e+00   2.549358e-02
   1 5.0143201070e-03   0.00e+00  3.81e-02   -8.168035e+00   2.549358e-02

After 1 iterations the fit converged.
final sum of squares of residuals : 0.00501432
rel. change during last iteration : 0

degrees of freedom    (FIT_NDF)                        : 98
rms of residuals      (FIT_STDFIT) = sqrt(WSSR/ndf)    : 0.00715308
variance of residuals (reduced chisquare) = WSSR/ndf   : 5.11665e-05

Final set of parameters            Asymptotic Standard Error
=======================            ==========================
a1              = -8.16803         +/- 0.2478       (3.034%)
b1              = 0.0254936        +/- 0.001441     (5.654%)

correlation matrix of the fit parameters:
                a1     b1     
a1              1.000 
b1             -0.868  1.000 


*******************************************************************************
Tue Mar 17 15:20:14 2020


FIT:    data read from '8_vel' u 1:2
        format = x:z
        x range restricted to [* : 0.00500000]
        #datapoints = 50
        residuals are weighted equally (unit weight)

function used for fitting: f1(x)
	f1(x) = a1*x + b1
fitted parameters initialized with current variable values

iter      chisq       delta/lim  lambda   a1            b1           
   0 3.4383150894e-03   0.00e+00  2.47e-02   -8.168035e+00   2.549358e-02
   3 5.1436889412e-04  -2.19e-02  2.47e-05   -2.890420e+00   1.272457e-02

After 3 iterations the fit converged.
final sum of squares of residuals : 0.000514369
rel. change during last iteration : -2.1877e-07

degrees of freedom    (FIT_NDF)                        : 48
rms of residuals      (FIT_STDFIT) = sqrt(WSSR/ndf)    : 0.00327353
variance of residuals (reduced chisquare) = WSSR/ndf   : 1.0716e-05

Final set of parameters            Asymptotic Standard Error
=======================            ==========================
a1              = -2.89042         +/- 0.3208       (11.1%)
b1              = 0.0127246        +/- 0.00094      (7.387%)

correlation matrix of the fit parameters:
                a1     b1     
a1              1.000 
b1             -0.870  1.000 


*******************************************************************************
Tue Mar 17 15:20:27 2020


FIT:    data read from '8_vel' u 1:2
        format = x:z
        x range restricted to [* : 0.00800000]
        #datapoints = 80
        residuals are weighted equally (unit weight)

function used for fitting: f1(x)
	f1(x) = a1*x + b1
fitted parameters initialized with current variable values

iter      chisq       delta/lim  lambda   a1            b1           
   0 1.3957009505e-02   0.00e+00  1.31e-02   -2.890420e+00   1.272457e-02
   3 3.2685032600e-03  -7.68e-04  1.31e-05   -6.800750e+00   2.134554e-02

After 3 iterations the fit converged.
final sum of squares of residuals : 0.0032685
rel. change during last iteration : -7.677e-09

degrees of freedom    (FIT_NDF)                        : 78
rms of residuals      (FIT_STDFIT) = sqrt(WSSR/ndf)    : 0.00647332
variance of residuals (reduced chisquare) = WSSR/ndf   : 4.19039e-05

Final set of parameters            Asymptotic Standard Error
=======================            ==========================
a1              = -6.80075         +/- 0.3134       (4.609%)
b1              = 0.0213455        +/- 0.001461     (6.845%)

correlation matrix of the fit parameters:
                a1     b1     
a1              1.000 
b1             -0.869  1.000 


*******************************************************************************
Tue Mar 17 15:20:52 2020


FIT:    data read from '8_vel' u 1:2
        format = x:z
        x range restricted to [* : 0.00500000]
        #datapoints = 50
        residuals are weighted equally (unit weight)

function used for fitting: f1(x)
	f1(x) = a1*x + b1
fitted parameters initialized with current variable values

iter      chisq       delta/lim  lambda   a1            b1           
   0 2.1976865886e-03   0.00e+00  2.06e-02   -6.800750e+00   2.134554e-02
   3 5.1436889412e-04  -1.12e-02  2.06e-05   -2.890420e+00   1.272457e-02

After 3 iterations the fit converged.
final sum of squares of residuals : 0.000514369
rel. change during last iteration : -1.11844e-07

degrees of freedom    (FIT_NDF)                        : 48
rms of residuals      (FIT_STDFIT) = sqrt(WSSR/ndf)    : 0.00327353
variance of residuals (reduced chisquare) = WSSR/ndf   : 1.0716e-05

Final set of parameters            Asymptotic Standard Error
=======================            ==========================
a1              = -2.89042         +/- 0.3208       (11.1%)
b1              = 0.0127246        +/- 0.00094      (7.387%)

correlation matrix of the fit parameters:
                a1     b1     
a1              1.000 
b1             -0.870  1.000 


*******************************************************************************
Tue Mar 17 15:21:39 2020


FIT:    data read from '8_vel' u 1:2
        format = x:z
        x range restricted to [* : 0.00500000]
        #datapoints = 50
        residuals are weighted equally (unit weight)

function used for fitting: f2(x)
	f2(x) = a2*x + b2
fitted parameters initialized with current variable values

iter      chisq       delta/lim  lambda   a1            b1           
   0 6.9286892662e-03   0.00e+00  0.00e+00   -2.890420e+00   1.272457e-02
BREAK: Singular matrix in Givens()

*******************************************************************************
Tue Mar 17 15:21:51 2020


FIT:    data read from '16_vel' u 1:2
        format = x:z
        x range restricted to [* : 0.00500000]
        #datapoints = 50
        residuals are weighted equally (unit weight)

function used for fitting: f2(x)
	f2(x) = a2*x + b2
fitted parameters initialized with current variable values

iter      chisq       delta/lim  lambda   a2            b2           
   0 3.0171453149e-04   0.00e+00  2.20e-02   -8.451989e+00   1.891455e-02
   3 9.7877505882e-05  -1.16e-02  2.20e-05   -7.084034e+00   1.500229e-02

After 3 iterations the fit converged.
final sum of squares of residuals : 9.78775e-05
rel. change during last iteration : -1.15623e-07

degrees of freedom    (FIT_NDF)                        : 48
rms of residuals      (FIT_STDFIT) = sqrt(WSSR/ndf)    : 0.00142798
variance of residuals (reduced chisquare) = WSSR/ndf   : 2.03911e-06

Final set of parameters            Asymptotic Standard Error
=======================            ==========================
a2              = -7.08403         +/- 0.1399       (1.975%)
b2              = 0.0150023        +/- 0.00041      (2.733%)

correlation matrix of the fit parameters:
                a2     b2     
a2              1.000 
b2             -0.870  1.000 


*******************************************************************************
Tue Mar 17 15:22:29 2020


FIT:    data read from '32_vel' u 1:2
        format = x:z
        x range restricted to [* : 0.00500000]
        #datapoints = 50
        residuals are weighted equally (unit weight)

function used for fitting: f3(x)
	f3(x) = a3*x + b3
fitted parameters initialized with current variable values

iter      chisq       delta/lim  lambda   a3            b3           
   0 9.4314961918e-06   0.00e+00  1.47e-02   -5.948827e+00   1.139158e-02
   3 2.9980235294e-06  -1.53e-02  1.47e-05   -5.700504e+00   1.077429e-02

After 3 iterations the fit converged.
final sum of squares of residuals : 2.99802e-06
rel. change during last iteration : -1.52543e-07

degrees of freedom    (FIT_NDF)                        : 48
rms of residuals      (FIT_STDFIT) = sqrt(WSSR/ndf)    : 0.000249918
variance of residuals (reduced chisquare) = WSSR/ndf   : 6.24588e-08

Final set of parameters            Asymptotic Standard Error
=======================            ==========================
a3              = -5.7005          +/- 0.02449      (0.4296%)
b3              = 0.0107743        +/- 7.176e-05    (0.666%)

correlation matrix of the fit parameters:
                a3     b3     
a3              1.000 
b3             -0.870  1.000 


*******************************************************************************
Tue Mar 17 15:22:58 2020


FIT:    data read from '64_vel' u 1:2
        format = x:z
        x range restricted to [* : 0.00500000]
        #datapoints = 50
        residuals are weighted equally (unit weight)

function used for fitting: f4(x)
	f4(x) = a4*x + b4
fitted parameters initialized with current variable values

iter      chisq       delta/lim  lambda   a4            b4           
   0 1.9345103732e-05   0.00e+00  1.28e-02   -5.401428e+00   8.865212e-03
   3 2.8395294118e-07  -8.47e-01  1.28e-05   -5.829244e+00   9.964571e-03

After 3 iterations the fit converged.
final sum of squares of residuals : 2.83953e-07
rel. change during last iteration : -8.47433e-06

degrees of freedom    (FIT_NDF)                        : 48
rms of residuals      (FIT_STDFIT) = sqrt(WSSR/ndf)    : 7.69135e-05
variance of residuals (reduced chisquare) = WSSR/ndf   : 5.91569e-09

Final set of parameters            Asymptotic Standard Error
=======================            ==========================
a4              = -5.82924         +/- 0.007537     (0.1293%)
b4              = 0.00996457       +/- 2.208e-05    (0.2216%)

correlation matrix of the fit parameters:
                a4     b4     
a4              1.000 
b4             -0.870  1.000 
